<?xml version="1.0" encoding="UTF-8"?>
<!-- Generated by org.testng.reporters.JUnitXMLReporter -->
<testsuite hostname="Macminis-Mac-mini.local" ignored="0" name="Test" tests="3" failures="0" timestamp="08 Apr 2019 07:58:50 GMT" time="84.582" errors="0">
  <testcase name="@BeforeTest Before_Test" time="84.261" classname="twc.Automation.SmokeTestCases.smokeTestCases">
    <failure type="org.openqa.selenium.remote.UnreachableBrowserException" message="Could not start a new session. Possible causes are invalid address of the remote server or browser start-up failure.
Build info: version: &amp;apos;2.51.0&amp;apos;, revision: &amp;apos;1af067dbcaedd7d2ab9af5151fc471d363d97193&amp;apos;, time: &amp;apos;2016-02-05 11:20:57&amp;apos;
System info: host: &amp;apos;Macminis-Mac-mini.local&amp;apos;, ip: &amp;apos;192.168.168.30&amp;apos;, os.name: &amp;apos;Mac OS X&amp;apos;, os.arch: &amp;apos;x86_64&amp;apos;, os.version: &amp;apos;10.13.6&amp;apos;, java.version: &amp;apos;1.8.0_151&amp;apos;
Driver info: driver.version: AndroidDriver">
      <![CDATA[org.openqa.selenium.remote.UnreachableBrowserException: Could not start a new session. Possible causes are invalid address of the remote server or browser start-up failure.Build info: version: '2.51.0', revision: '1af067dbcaedd7d2ab9af5151fc471d363d97193', time: '2016-02-05 11:20:57'System info: host: 'Macminis-Mac-mini.local', ip: '192.168.168.30', os.name: 'Mac OS X', os.arch: 'x86_64', os.version: '10.13.6', java.version: '1.8.0_151'Driver info: driver.version: AndroidDriverat org.openqa.selenium.remote.RemoteWebDriver.execute(RemoteWebDriver.java:665)at io.appium.java_client.DefaultGenericMobileDriver.execute(DefaultGenericMobileDriver.java:42)at io.appium.java_client.AppiumDriver.execute(AppiumDriver.java:1)at io.appium.java_client.android.AndroidDriver.execute(AndroidDriver.java:1)at org.openqa.selenium.remote.RemoteWebDriver.startSession(RemoteWebDriver.java:249)at org.openqa.selenium.remote.RemoteWebDriver.<init>(RemoteWebDriver.java:131)at org.openqa.selenium.remote.RemoteWebDriver.<init>(RemoteWebDriver.java:144)at io.appium.java_client.DefaultGenericMobileDriver.<init>(DefaultGenericMobileDriver.java:37)at io.appium.java_client.AppiumDriver.<init>(AppiumDriver.java:160)at io.appium.java_client.AppiumDriver.<init>(AppiumDriver.java:168)at io.appium.java_client.android.AndroidDriver.<init>(AndroidDriver.java:69)at twc.Automation.HandleWithAppium.AppiumFunctions.LaunchAppWithFullReset(AppiumFunctions.java:369)at twc.Automation.SmokeTestCases.smokeTestCases.Before_Test(smokeTestCases.java:756)Caused by: org.openqa.selenium.WebDriverException: org.apache.http.conn.HttpHostConnectException: Connect to 127.0.0.1:4726 [/127.0.0.1] failed: Connection refused (Connection refused)Build info: version: '2.51.0', revision: '1af067dbcaedd7d2ab9af5151fc471d363d97193', time: '2016-02-05 11:20:57'System info: host: 'Macminis-Mac-mini.local', ip: '192.168.168.30', os.name: 'Mac OS X', os.arch: 'x86_64', os.version: '10.13.6', java.version: '1.8.0_151'Driver info: driver.version: AndroidDriverat io.appium.java_client.remote.AppiumCommandExecutor.execute(AppiumCommandExecutor.java:64)at org.openqa.selenium.remote.RemoteWebDriver.execute(RemoteWebDriver.java:644)... 36 moreCaused by: org.apache.http.conn.HttpHostConnectException: Connect to 127.0.0.1:4726 [/127.0.0.1] failed: Connection refused (Connection refused)at org.apache.http.impl.conn.HttpClientConnectionOperator.connect(HttpClientConnectionOperator.java:140)at org.apache.http.impl.conn.PoolingHttpClientConnectionManager.connect(PoolingHttpClientConnectionManager.java:314)at org.apache.http.impl.execchain.MainClientExec.establishRoute(MainClientExec.java:363)at org.apache.http.impl.execchain.MainClientExec.execute(MainClientExec.java:219)at org.apache.http.impl.execchain.ProtocolExec.execute(ProtocolExec.java:195)at org.apache.http.impl.execchain.RetryExec.execute(RetryExec.java:86)at org.apache.http.impl.execchain.RedirectExec.execute(RedirectExec.java:108)at org.apache.http.impl.client.InternalHttpClient.doExecute(InternalHttpClient.java:186)at org.apache.http.impl.client.CloseableHttpClient.execute(CloseableHttpClient.java:72)at org.apache.http.impl.client.CloseableHttpClient.execute(CloseableHttpClient.java:57)at org.openqa.selenium.remote.internal.ApacheHttpClient.fallBackExecute(ApacheHttpClient.java:144)at org.openqa.selenium.remote.internal.ApacheHttpClient.execute(ApacheHttpClient.java:90)at org.openqa.selenium.remote.HttpCommandExecutor.execute(HttpCommandExecutor.java:142)at io.appium.java_client.remote.AppiumCommandExecutor.execute(AppiumCommandExecutor.java:52)... 37 moreCaused by: java.net.ConnectException: Connection refused (Connection refused)at java.net.PlainSocketImpl.socketConnect(Native Method)at java.net.AbstractPlainSocketImpl.doConnect(AbstractPlainSocketImpl.java:350)at java.net.AbstractPlainSocketImpl.connectToAddress(AbstractPlainSocketImpl.java:206)at java.net.AbstractPlainSocketImpl.connect(AbstractPlainSocketImpl.java:188)at java.net.SocksSocketImpl.connect(SocksSocketImpl.java:392)at java.net.Socket.connect(Socket.java:589)at org.apache.http.conn.socket.PlainConnectionSocketFactory.connectSocket(PlainConnectionSocketFactory.java:72)at org.apache.http.impl.conn.HttpClientConnectionOperator.connect(HttpClientConnectionOperator.java:117)... 50 more... Removed 24 stack frames]]>
    </failure>
  </testcase> <!-- @BeforeTest Before_Test -->
  <testcase name="@AfterTest After_Test" time="0.0" classname="twc.Automation.SmokeTestCases.smokeTestCases">
    <skipped/>
  </testcase> <!-- @AfterTest After_Test -->
  <testcase name="Before_Test" time="0.0" classname="twc.Automation.SmokeTestCases.smokeTestCases">
    <skipped/>
  </testcase> <!-- Before_Test -->
  <testcase name="Smoke_Test_CaseVerify_mapscard_iu" time="0.0" classname="twc.Automation.SmokeTestCases.smokeTestCases">
    <skipped/>
  </testcase> <!-- Smoke_Test_CaseVerify_mapscard_iu -->
  <testcase name="Smoke_Test_CaseVerify_health_and_activities_card_iu" time="0.0" classname="twc.Automation.SmokeTestCases.smokeTestCases">
    <skipped/>
  </testcase> <!-- Smoke_Test_CaseVerify_health_and_activities_card_iu -->
</testsuite> <!-- Test -->
