<?xml version="1.0" encoding="UTF-8"?>
<testng-results skipped="0" failed="3" total="88" passed="85">
  <reporter-output>
  </reporter-output>
  <suite name="Suite" duration-ms="1227479" started-at="2022-01-19T11:01:57Z" finished-at="2022-01-19T11:22:24Z">
    <groups>
    </groups>
    <test name="Test" duration-ms="1227479" started-at="2022-01-19T11:01:57Z" finished-at="2022-01-19T11:22:24Z">
      <class name="twc.Automation.SmokeTestCases.smokeTestCases">
        <test-method status="PASS" signature="beforeClass()[pri:0, instance:twc.Automation.SmokeTestCases.smokeTestCases@5bda80bf]" name="beforeClass" is-config="true" duration-ms="204811" started-at="2022-01-19T16:31:57Z" finished-at="2022-01-19T16:35:22Z">
          <reporter-output>
          </reporter-output>
        </test-method> <!-- beforeClass -->
        <test-method status="PASS" signature="Smoke_Test_CaseVerify_Homescreen_marquee_adCall_FTL()[pri:0, instance:twc.Automation.SmokeTestCases.smokeTestCases@5bda80bf]" name="Smoke_Test_CaseVerify_Homescreen_marquee_adCall_FTL" duration-ms="660230" started-at="2022-01-19T16:35:22Z" finished-at="2022-01-19T16:46:22Z">
          <reporter-output>
          </reporter-output>
        </test-method> <!-- Smoke_Test_CaseVerify_Homescreen_marquee_adCall_FTL -->
        <test-method status="PASS" signature="Verify_AlertCenterAd()[pri:0, instance:twc.Automation.SmokeTestCases.smokeTestCases@5bda80bf]" name="Verify_AlertCenterAd" duration-ms="1251" started-at="2022-01-19T16:46:22Z" finished-at="2022-01-19T16:46:23Z">
          <reporter-output>
          </reporter-output>
        </test-method> <!-- Verify_AlertCenterAd -->
        <test-method status="PASS" signature="Smoke_Test_verifying_feed_1adcall_FTL()[pri:0, instance:twc.Automation.SmokeTestCases.smokeTestCases@5bda80bf]" name="Smoke_Test_verifying_feed_1adcall_FTL" duration-ms="673" started-at="2022-01-19T16:46:23Z" finished-at="2022-01-19T16:46:24Z">
          <reporter-output>
          </reporter-output>
        </test-method> <!-- Smoke_Test_verifying_feed_1adcall_FTL -->
        <test-method status="PASS" signature="Smoke_Test_verifying_feed_2adcall_FTL()[pri:0, instance:twc.Automation.SmokeTestCases.smokeTestCases@5bda80bf]" name="Smoke_Test_verifying_feed_2adcall_FTL" duration-ms="750" started-at="2022-01-19T16:46:24Z" finished-at="2022-01-19T16:46:25Z">
          <reporter-output>
          </reporter-output>
        </test-method> <!-- Smoke_Test_verifying_feed_2adcall_FTL -->
        <test-method status="PASS" signature="Smoke_Test_verifying_feed_3adCall_FTL()[pri:0, instance:twc.Automation.SmokeTestCases.smokeTestCases@5bda80bf]" name="Smoke_Test_verifying_feed_3adCall_FTL" duration-ms="521" started-at="2022-01-19T16:46:25Z" finished-at="2022-01-19T16:46:25Z">
          <reporter-output>
          </reporter-output>
        </test-method> <!-- Smoke_Test_verifying_feed_3adCall_FTL -->
        <test-method status="PASS" signature="Smoke_Test_verifying_feed_4adcall_FTL()[pri:0, instance:twc.Automation.SmokeTestCases.smokeTestCases@5bda80bf]" name="Smoke_Test_verifying_feed_4adcall_FTL" duration-ms="597" started-at="2022-01-19T16:46:25Z" finished-at="2022-01-19T16:46:26Z">
          <reporter-output>
          </reporter-output>
        </test-method> <!-- Smoke_Test_verifying_feed_4adcall_FTL -->
        <test-method status="PASS" signature="Smoke_Test_verifying_feed_5adCall_FTL()[pri:0, instance:twc.Automation.SmokeTestCases.smokeTestCases@5bda80bf]" name="Smoke_Test_verifying_feed_5adCall_FTL" duration-ms="529" started-at="2022-01-19T16:46:26Z" finished-at="2022-01-19T16:46:26Z">
          <reporter-output>
          </reporter-output>
        </test-method> <!-- Smoke_Test_verifying_feed_5adCall_FTL -->
        <test-method status="FAIL" signature="Smoke_Test_Case_Verify_Radar_Maps_deatailspage_adCall_FTL()[pri:0, instance:twc.Automation.SmokeTestCases.smokeTestCases@5bda80bf]" name="Smoke_Test_Case_Verify_Radar_Maps_deatailspage_adCall_FTL" duration-ms="594" started-at="2022-01-19T16:46:26Z" finished-at="2022-01-19T16:46:27Z">
          <exception class="java.lang.AssertionError">
            <message>
              <![CDATA[iu=%2F7646%2Fapp_android_us%2Fdb_display%2Fdetails%2Fmaps ad call is not present]]>
            </message>
            <full-stacktrace>
              <![CDATA[java.lang.AssertionError: iu=%2F7646%2Fapp_android_us%2Fdb_display%2Fdetails%2Fmaps ad call is not present
	at org.testng.Assert.fail(Assert.java:94)
	at twc.Automation.General.Utils.verifyPubadCal(Utils.java:231)
	at twc.Automation.SmokeTestCases.smokeTestCases.Smoke_Test_Case_Verify_Radar_Maps_deatailspage_adCall_FTL(smokeTestCases.java:171)
	at sun.reflect.NativeMethodAccessorImpl.invoke0(Native Method)
	at sun.reflect.NativeMethodAccessorImpl.invoke(NativeMethodAccessorImpl.java:62)
	at sun.reflect.DelegatingMethodAccessorImpl.invoke(DelegatingMethodAccessorImpl.java:43)
	at java.lang.reflect.Method.invoke(Method.java:498)
	at org.testng.internal.MethodInvocationHelper.invokeMethod(MethodInvocationHelper.java:85)
	at org.testng.internal.Invoker.invokeMethod(Invoker.java:659)
	at org.testng.internal.Invoker.invokeTestMethod(Invoker.java:845)
	at org.testng.internal.Invoker.invokeTestMethods(Invoker.java:1153)
	at org.testng.internal.TestMethodWorker.invokeTestMethods(TestMethodWorker.java:125)
	at org.testng.internal.TestMethodWorker.run(TestMethodWorker.java:108)
	at org.testng.TestRunner.privateRun(TestRunner.java:771)
	at org.testng.TestRunner.run(TestRunner.java:621)
	at org.testng.SuiteRunner.runTest(SuiteRunner.java:357)
	at org.testng.SuiteRunner.runSequentially(SuiteRunner.java:352)
	at org.testng.SuiteRunner.privateRun(SuiteRunner.java:310)
	at org.testng.SuiteRunner.run(SuiteRunner.java:259)
	at org.testng.SuiteRunnerWorker.runSuite(SuiteRunnerWorker.java:52)
	at org.testng.SuiteRunnerWorker.run(SuiteRunnerWorker.java:86)
	at org.testng.TestNG.runSuitesSequentially(TestNG.java:1199)
	at org.testng.TestNG.runSuitesLocally(TestNG.java:1124)
	at org.testng.TestNG.run(TestNG.java:1032)
	at org.apache.maven.surefire.testng.TestNGExecutor.run(TestNGExecutor.java:283)
	at org.apache.maven.surefire.testng.TestNGXmlTestSuite.execute(TestNGXmlTestSuite.java:75)
	at org.apache.maven.surefire.testng.TestNGProvider.invoke(TestNGProvider.java:120)
	at org.apache.maven.surefire.booter.ForkedBooter.invokeProviderInSameClassLoader(ForkedBooter.java:384)
	at org.apache.maven.surefire.booter.ForkedBooter.runSuitesInProcess(ForkedBooter.java:345)
	at org.apache.maven.surefire.booter.ForkedBooter.execute(ForkedBooter.java:126)
	at org.apache.maven.surefire.booter.ForkedBooter.main(ForkedBooter.java:418)
]]>
            </full-stacktrace>
          </exception> <!-- java.lang.AssertionError -->
          <reporter-output>
          </reporter-output>
        </test-method> <!-- Smoke_Test_Case_Verify_Radar_Maps_deatailspage_adCall_FTL -->
        <test-method status="PASS" signature="Smoke_Test_CaseVerify_Today_details_page_iu_FTL()[pri:0, instance:twc.Automation.SmokeTestCases.smokeTestCases@5bda80bf]" name="Smoke_Test_CaseVerify_Today_details_page_iu_FTL" duration-ms="539" started-at="2022-01-19T16:46:27Z" finished-at="2022-01-19T16:46:28Z">
          <reporter-output>
          </reporter-output>
        </test-method> <!-- Smoke_Test_CaseVerify_Today_details_page_iu_FTL -->
        <test-method status="PASS" signature="Smoke_Test_Verify_Air_Quality_contentpage_adCall_FTL()[pri:0, instance:twc.Automation.SmokeTestCases.smokeTestCases@5bda80bf]" name="Smoke_Test_Verify_Air_Quality_contentpage_adCall_FTL" duration-ms="612" started-at="2022-01-19T16:46:28Z" finished-at="2022-01-19T16:46:28Z">
          <reporter-output>
          </reporter-output>
        </test-method> <!-- Smoke_Test_Verify_Air_Quality_contentpage_adCall_FTL -->
        <test-method status="PASS" signature="Smoke_Test_Verify_outdoor_detailpage_adcall_FTL()[pri:0, instance:twc.Automation.SmokeTestCases.smokeTestCases@5bda80bf]" name="Smoke_Test_Verify_outdoor_detailpage_adcall_FTL" duration-ms="783" started-at="2022-01-19T16:46:28Z" finished-at="2022-01-19T16:46:29Z">
          <reporter-output>
          </reporter-output>
        </test-method> <!-- Smoke_Test_Verify_outdoor_detailpage_adcall_FTL -->
        <test-method status="PASS" signature="Smoke_Test_amazon_aaxSlot_feed1_adCall()[pri:0, instance:twc.Automation.SmokeTestCases.smokeTestCases@5bda80bf]" name="Smoke_Test_amazon_aaxSlot_feed1_adCall" duration-ms="351" started-at="2022-01-19T16:46:29Z" finished-at="2022-01-19T16:46:29Z">
          <reporter-output>
          </reporter-output>
        </test-method> <!-- Smoke_Test_amazon_aaxSlot_feed1_adCall -->
        <test-method status="PASS" signature="Smoke_Test_amazon_aaxSlot_feed2_adcall()[pri:0, instance:twc.Automation.SmokeTestCases.smokeTestCases@5bda80bf]" name="Smoke_Test_amazon_aaxSlot_feed2_adcall" duration-ms="397" started-at="2022-01-19T16:46:29Z" finished-at="2022-01-19T16:46:30Z">
          <reporter-output>
          </reporter-output>
        </test-method> <!-- Smoke_Test_amazon_aaxSlot_feed2_adcall -->
        <test-method status="PASS" signature="Smoke_Test_amazon_aaxSlot_feed3_adcall()[pri:0, instance:twc.Automation.SmokeTestCases.smokeTestCases@5bda80bf]" name="Smoke_Test_amazon_aaxSlot_feed3_adcall" duration-ms="387" started-at="2022-01-19T16:46:30Z" finished-at="2022-01-19T16:46:30Z">
          <reporter-output>
          </reporter-output>
        </test-method> <!-- Smoke_Test_amazon_aaxSlot_feed3_adcall -->
        <test-method status="PASS" signature="Smoke_Test_amazon_aaxSlot_feed4_adcall()[pri:0, instance:twc.Automation.SmokeTestCases.smokeTestCases@5bda80bf]" name="Smoke_Test_amazon_aaxSlot_feed4_adcall" duration-ms="437" started-at="2022-01-19T16:46:30Z" finished-at="2022-01-19T16:46:31Z">
          <reporter-output>
          </reporter-output>
        </test-method> <!-- Smoke_Test_amazon_aaxSlot_feed4_adcall -->
        <test-method status="PASS" signature="Smoke_Test_amazon_aaxSlot_feed5_adcall()[pri:0, instance:twc.Automation.SmokeTestCases.smokeTestCases@5bda80bf]" name="Smoke_Test_amazon_aaxSlot_feed5_adcall" duration-ms="443" started-at="2022-01-19T16:46:31Z" finished-at="2022-01-19T16:46:31Z">
          <reporter-output>
          </reporter-output>
        </test-method> <!-- Smoke_Test_amazon_aaxSlot_feed5_adcall -->
        <test-method status="PASS" signature="Smoke_Test_amazon_aax_mapsdetails_adcall()[pri:0, instance:twc.Automation.SmokeTestCases.smokeTestCases@5bda80bf]" name="Smoke_Test_amazon_aax_mapsdetails_adcall" duration-ms="332" started-at="2022-01-19T16:46:31Z" finished-at="2022-01-19T16:46:31Z">
          <reporter-output>
          </reporter-output>
        </test-method> <!-- Smoke_Test_amazon_aax_mapsdetails_adcall -->
        <test-method status="PASS" signature="Smoke_Test_amazon_aax_today_deatailcard()[pri:0, instance:twc.Automation.SmokeTestCases.smokeTestCases@5bda80bf]" name="Smoke_Test_amazon_aax_today_deatailcard" duration-ms="424" started-at="2022-01-19T16:46:31Z" finished-at="2022-01-19T16:46:32Z">
          <reporter-output>
          </reporter-output>
        </test-method> <!-- Smoke_Test_amazon_aax_today_deatailcard -->
        <test-method status="PASS" signature="Smoke_Test_amazon_aax_Airquality_deatailcard()[pri:0, instance:twc.Automation.SmokeTestCases.smokeTestCases@5bda80bf]" name="Smoke_Test_amazon_aax_Airquality_deatailcard" duration-ms="395" started-at="2022-01-19T16:46:32Z" finished-at="2022-01-19T16:46:32Z">
          <reporter-output>
          </reporter-output>
        </test-method> <!-- Smoke_Test_amazon_aax_Airquality_deatailcard -->
        <test-method status="PASS" signature="Smoke_Test_Verify_amazon_SlotId_outdoor_details()[pri:0, instance:twc.Automation.SmokeTestCases.smokeTestCases@5bda80bf]" name="Smoke_Test_Verify_amazon_SlotId_outdoor_details" duration-ms="434" started-at="2022-01-19T16:46:32Z" finished-at="2022-01-19T16:46:33Z">
          <reporter-output>
          </reporter-output>
        </test-method> <!-- Smoke_Test_Verify_amazon_SlotId_outdoor_details -->
        <test-method status="PASS" signature="Smoke_Test_CaseVerify_sz_Homescreen_marquee_adCall_FTL()[pri:0, instance:twc.Automation.SmokeTestCases.smokeTestCases@5bda80bf]" name="Smoke_Test_CaseVerify_sz_Homescreen_marquee_adCall_FTL" duration-ms="514" started-at="2022-01-19T16:46:33Z" finished-at="2022-01-19T16:46:33Z">
          <reporter-output>
          </reporter-output>
        </test-method> <!-- Smoke_Test_CaseVerify_sz_Homescreen_marquee_adCall_FTL -->
        <test-method status="PASS" signature="Verify_sz_AlertCenterAd()[pri:0, instance:twc.Automation.SmokeTestCases.smokeTestCases@5bda80bf]" name="Verify_sz_AlertCenterAd" duration-ms="534" started-at="2022-01-19T16:46:33Z" finished-at="2022-01-19T16:46:34Z">
          <reporter-output>
          </reporter-output>
        </test-method> <!-- Verify_sz_AlertCenterAd -->
        <test-method status="PASS" signature="Smoke_Test_verifying_sz_feed_1_adcall_FTL()[pri:0, instance:twc.Automation.SmokeTestCases.smokeTestCases@5bda80bf]" name="Smoke_Test_verifying_sz_feed_1_adcall_FTL" duration-ms="496" started-at="2022-01-19T16:46:34Z" finished-at="2022-01-19T16:46:34Z">
          <reporter-output>
          </reporter-output>
        </test-method> <!-- Smoke_Test_verifying_sz_feed_1_adcall_FTL -->
        <test-method status="PASS" signature="Smoke_Test_verifying_sz_feed_2_adcall_FTL()[pri:0, instance:twc.Automation.SmokeTestCases.smokeTestCases@5bda80bf]" name="Smoke_Test_verifying_sz_feed_2_adcall_FTL" duration-ms="519" started-at="2022-01-19T16:46:34Z" finished-at="2022-01-19T16:46:35Z">
          <reporter-output>
          </reporter-output>
        </test-method> <!-- Smoke_Test_verifying_sz_feed_2_adcall_FTL -->
        <test-method status="PASS" signature="Smoke_Test_verifying_sz_feed_3_adcall_FTL()[pri:0, instance:twc.Automation.SmokeTestCases.smokeTestCases@5bda80bf]" name="Smoke_Test_verifying_sz_feed_3_adcall_FTL" duration-ms="479" started-at="2022-01-19T16:46:35Z" finished-at="2022-01-19T16:46:35Z">
          <reporter-output>
          </reporter-output>
        </test-method> <!-- Smoke_Test_verifying_sz_feed_3_adcall_FTL -->
        <test-method status="PASS" signature="Smoke_Test_verifying_sz_feed_4_adcall_FTL()[pri:0, instance:twc.Automation.SmokeTestCases.smokeTestCases@5bda80bf]" name="Smoke_Test_verifying_sz_feed_4_adcall_FTL" duration-ms="499" started-at="2022-01-19T16:46:35Z" finished-at="2022-01-19T16:46:36Z">
          <reporter-output>
          </reporter-output>
        </test-method> <!-- Smoke_Test_verifying_sz_feed_4_adcall_FTL -->
        <test-method status="PASS" signature="Smoke_Test_verifying_sz_feed_5_adcall_FTL()[pri:0, instance:twc.Automation.SmokeTestCases.smokeTestCases@5bda80bf]" name="Smoke_Test_verifying_sz_feed_5_adcall_FTL" duration-ms="528" started-at="2022-01-19T16:46:36Z" finished-at="2022-01-19T16:46:36Z">
          <reporter-output>
          </reporter-output>
        </test-method> <!-- Smoke_Test_verifying_sz_feed_5_adcall_FTL -->
        <test-method status="FAIL" signature="Smoke_Test_Case_Verify_sz_Radar_Maps_deatailspage_adCall_FTL()[pri:0, instance:twc.Automation.SmokeTestCases.smokeTestCases@5bda80bf]" name="Smoke_Test_Case_Verify_sz_Radar_Maps_deatailspage_adCall_FTL" duration-ms="1121" started-at="2022-01-19T16:46:36Z" finished-at="2022-01-19T16:46:37Z">
          <exception class="java.lang.AssertionError">
            <message>
              <![CDATA[Ad Call :iu=%2F7646%2Fapp_android_us%2Fdb_display%2Fdetails%2Fmaps not found in charles session, hence Custom Parameter: sz validation skipped]]>
            </message>
            <full-stacktrace>
              <![CDATA[java.lang.AssertionError: Ad Call :iu=%2F7646%2Fapp_android_us%2Fdb_display%2Fdetails%2Fmaps not found in charles session, hence Custom Parameter: sz validation skipped
	at org.testng.Assert.fail(Assert.java:94)
	at twc.Automation.General.Utils.validate_Noncustom_param_val_of_gampad(Utils.java:4268)
	at twc.Automation.SmokeTestCases.smokeTestCases.Smoke_Test_Case_Verify_sz_Radar_Maps_deatailspage_adCall_FTL(smokeTestCases.java:390)
	at sun.reflect.NativeMethodAccessorImpl.invoke0(Native Method)
	at sun.reflect.NativeMethodAccessorImpl.invoke(NativeMethodAccessorImpl.java:62)
	at sun.reflect.DelegatingMethodAccessorImpl.invoke(DelegatingMethodAccessorImpl.java:43)
	at java.lang.reflect.Method.invoke(Method.java:498)
	at org.testng.internal.MethodInvocationHelper.invokeMethod(MethodInvocationHelper.java:85)
	at org.testng.internal.Invoker.invokeMethod(Invoker.java:659)
	at org.testng.internal.Invoker.invokeTestMethod(Invoker.java:845)
	at org.testng.internal.Invoker.invokeTestMethods(Invoker.java:1153)
	at org.testng.internal.TestMethodWorker.invokeTestMethods(TestMethodWorker.java:125)
	at org.testng.internal.TestMethodWorker.run(TestMethodWorker.java:108)
	at org.testng.TestRunner.privateRun(TestRunner.java:771)
	at org.testng.TestRunner.run(TestRunner.java:621)
	at org.testng.SuiteRunner.runTest(SuiteRunner.java:357)
	at org.testng.SuiteRunner.runSequentially(SuiteRunner.java:352)
	at org.testng.SuiteRunner.privateRun(SuiteRunner.java:310)
	at org.testng.SuiteRunner.run(SuiteRunner.java:259)
	at org.testng.SuiteRunnerWorker.runSuite(SuiteRunnerWorker.java:52)
	at org.testng.SuiteRunnerWorker.run(SuiteRunnerWorker.java:86)
	at org.testng.TestNG.runSuitesSequentially(TestNG.java:1199)
	at org.testng.TestNG.runSuitesLocally(TestNG.java:1124)
	at org.testng.TestNG.run(TestNG.java:1032)
	at org.apache.maven.surefire.testng.TestNGExecutor.run(TestNGExecutor.java:283)
	at org.apache.maven.surefire.testng.TestNGXmlTestSuite.execute(TestNGXmlTestSuite.java:75)
	at org.apache.maven.surefire.testng.TestNGProvider.invoke(TestNGProvider.java:120)
	at org.apache.maven.surefire.booter.ForkedBooter.invokeProviderInSameClassLoader(ForkedBooter.java:384)
	at org.apache.maven.surefire.booter.ForkedBooter.runSuitesInProcess(ForkedBooter.java:345)
	at org.apache.maven.surefire.booter.ForkedBooter.execute(ForkedBooter.java:126)
	at org.apache.maven.surefire.booter.ForkedBooter.main(ForkedBooter.java:418)
]]>
            </full-stacktrace>
          </exception> <!-- java.lang.AssertionError -->
          <reporter-output>
          </reporter-output>
        </test-method> <!-- Smoke_Test_Case_Verify_sz_Radar_Maps_deatailspage_adCall_FTL -->
        <test-method status="PASS" signature="Smoke_Test_Case_Verify_sz_Today_details_page_iu_FTL()[pri:0, instance:twc.Automation.SmokeTestCases.smokeTestCases@5bda80bf]" name="Smoke_Test_Case_Verify_sz_Today_details_page_iu_FTL" duration-ms="613" started-at="2022-01-19T16:46:37Z" finished-at="2022-01-19T16:46:38Z">
          <reporter-output>
          </reporter-output>
        </test-method> <!-- Smoke_Test_Case_Verify_sz_Today_details_page_iu_FTL -->
        <test-method status="PASS" signature="Smoke_Test_Verify_sz_AirQuality_contentpage_adCall_FTL()[pri:0, instance:twc.Automation.SmokeTestCases.smokeTestCases@5bda80bf]" name="Smoke_Test_Verify_sz_AirQuality_contentpage_adCall_FTL" duration-ms="576" started-at="2022-01-19T16:46:38Z" finished-at="2022-01-19T16:46:38Z">
          <reporter-output>
          </reporter-output>
        </test-method> <!-- Smoke_Test_Verify_sz_AirQuality_contentpage_adCall_FTL -->
        <test-method status="PASS" signature="Smoke_Test_Verify_sz_outdoor_detailpage_adcall_FTL()[pri:0, instance:twc.Automation.SmokeTestCases.smokeTestCases@5bda80bf]" name="Smoke_Test_Verify_sz_outdoor_detailpage_adcall_FTL" duration-ms="514" started-at="2022-01-19T16:46:38Z" finished-at="2022-01-19T16:46:39Z">
          <reporter-output>
          </reporter-output>
        </test-method> <!-- Smoke_Test_Verify_sz_outdoor_detailpage_adcall_FTL -->
        <test-method status="PASS" signature="Smoke_Test_Verify_hourly_detailpage_adcall_FTL()[pri:0, instance:twc.Automation.SmokeTestCases.smokeTestCases@5bda80bf]" name="Smoke_Test_Verify_hourly_detailpage_adcall_FTL" duration-ms="22857" started-at="2022-01-19T16:46:39Z" finished-at="2022-01-19T16:47:02Z">
          <reporter-output>
          </reporter-output>
        </test-method> <!-- Smoke_Test_Verify_hourly_detailpage_adcall_FTL -->
        <test-method status="PASS" signature="Smoke_Test_Verify_hourly1_detailpage_bigad_adcall_FTL()[pri:0, instance:twc.Automation.SmokeTestCases.smokeTestCases@5bda80bf]" name="Smoke_Test_Verify_hourly1_detailpage_bigad_adcall_FTL" duration-ms="66" started-at="2022-01-19T16:47:02Z" finished-at="2022-01-19T16:47:02Z">
          <reporter-output>
          </reporter-output>
        </test-method> <!-- Smoke_Test_Verify_hourly1_detailpage_bigad_adcall_FTL -->
        <test-method status="PASS" signature="Smoke_Test_Verify_hourly2_detailpage_bigad_adcall_FTL()[pri:0, instance:twc.Automation.SmokeTestCases.smokeTestCases@5bda80bf]" name="Smoke_Test_Verify_hourly2_detailpage_bigad_adcall_FTL" duration-ms="70" started-at="2022-01-19T16:47:02Z" finished-at="2022-01-19T16:47:02Z">
          <reporter-output>
          </reporter-output>
        </test-method> <!-- Smoke_Test_Verify_hourly2_detailpage_bigad_adcall_FTL -->
        <test-method status="PASS" signature="Smoke_Test_Verify_hourly3__bigad_detailpage_adcall_FTL()[pri:0, instance:twc.Automation.SmokeTestCases.smokeTestCases@5bda80bf]" name="Smoke_Test_Verify_hourly3__bigad_detailpage_adcall_FTL" duration-ms="61" started-at="2022-01-19T16:47:02Z" finished-at="2022-01-19T16:47:02Z">
          <reporter-output>
          </reporter-output>
        </test-method> <!-- Smoke_Test_Verify_hourly3__bigad_detailpage_adcall_FTL -->
        <test-method status="PASS" signature="Smoke_Test_Verify_sz_hourly_detailpage_adcall_FTL()[pri:0, instance:twc.Automation.SmokeTestCases.smokeTestCases@5bda80bf]" name="Smoke_Test_Verify_sz_hourly_detailpage_adcall_FTL" duration-ms="136" started-at="2022-01-19T16:47:02Z" finished-at="2022-01-19T16:47:02Z">
          <reporter-output>
          </reporter-output>
        </test-method> <!-- Smoke_Test_Verify_sz_hourly_detailpage_adcall_FTL -->
        <test-method status="PASS" signature="Smoke_Test_Verify_sz_hourly1_detailpage_bigad_adcall_FTL()[pri:0, instance:twc.Automation.SmokeTestCases.smokeTestCases@5bda80bf]" name="Smoke_Test_Verify_sz_hourly1_detailpage_bigad_adcall_FTL" duration-ms="61" started-at="2022-01-19T16:47:02Z" finished-at="2022-01-19T16:47:02Z">
          <reporter-output>
          </reporter-output>
        </test-method> <!-- Smoke_Test_Verify_sz_hourly1_detailpage_bigad_adcall_FTL -->
        <test-method status="PASS" signature="Smoke_Test_Verify_sz_hourly2_detailpage_bigad_adcall_FTL()[pri:0, instance:twc.Automation.SmokeTestCases.smokeTestCases@5bda80bf]" name="Smoke_Test_Verify_sz_hourly2_detailpage_bigad_adcall_FTL" duration-ms="64" started-at="2022-01-19T16:47:02Z" finished-at="2022-01-19T16:47:02Z">
          <reporter-output>
          </reporter-output>
        </test-method> <!-- Smoke_Test_Verify_sz_hourly2_detailpage_bigad_adcall_FTL -->
        <test-method status="PASS" signature="Smoke_Test_Verify_sz_hourly3__bigad_detailpage_adcall_FTL()[pri:0, instance:twc.Automation.SmokeTestCases.smokeTestCases@5bda80bf]" name="Smoke_Test_Verify_sz_hourly3__bigad_detailpage_adcall_FTL" duration-ms="61" started-at="2022-01-19T16:47:02Z" finished-at="2022-01-19T16:47:02Z">
          <reporter-output>
          </reporter-output>
        </test-method> <!-- Smoke_Test_Verify_sz_hourly3__bigad_detailpage_adcall_FTL -->
        <test-method status="PASS" signature="Smoke_Test_amazon_aax_Hourly_details_adcall()[pri:0, instance:twc.Automation.SmokeTestCases.smokeTestCases@5bda80bf]" name="Smoke_Test_amazon_aax_Hourly_details_adcall" duration-ms="47" started-at="2022-01-19T16:47:02Z" finished-at="2022-01-19T16:47:02Z">
          <reporter-output>
          </reporter-output>
        </test-method> <!-- Smoke_Test_amazon_aax_Hourly_details_adcall -->
        <test-method status="PASS" signature="Smoke_Test_amazon_aax_Hourly1_bigaddetails_adcall()[pri:0, instance:twc.Automation.SmokeTestCases.smokeTestCases@5bda80bf]" name="Smoke_Test_amazon_aax_Hourly1_bigaddetails_adcall" duration-ms="49" started-at="2022-01-19T16:47:02Z" finished-at="2022-01-19T16:47:02Z">
          <reporter-output>
          </reporter-output>
        </test-method> <!-- Smoke_Test_amazon_aax_Hourly1_bigaddetails_adcall -->
        <test-method status="PASS" signature="Smoke_Test_amazon_aax_Hourly2_bigaddetails_adcall()[pri:0, instance:twc.Automation.SmokeTestCases.smokeTestCases@5bda80bf]" name="Smoke_Test_amazon_aax_Hourly2_bigaddetails_adcall" duration-ms="42" started-at="2022-01-19T16:47:02Z" finished-at="2022-01-19T16:47:03Z">
          <reporter-output>
          </reporter-output>
        </test-method> <!-- Smoke_Test_amazon_aax_Hourly2_bigaddetails_adcall -->
        <test-method status="PASS" signature="Smoke_Test_amazon_aax_Hourly3_bigaddetails_adcall()[pri:0, instance:twc.Automation.SmokeTestCases.smokeTestCases@5bda80bf]" name="Smoke_Test_amazon_aax_Hourly3_bigaddetails_adcall" duration-ms="47" started-at="2022-01-19T16:47:03Z" finished-at="2022-01-19T16:47:03Z">
          <reporter-output>
          </reporter-output>
        </test-method> <!-- Smoke_Test_amazon_aax_Hourly3_bigaddetails_adcall -->
        <test-method status="PASS" signature="Smoke_Test_Verifying_newdailydetails_day1adcall_FTL()[pri:0, instance:twc.Automation.SmokeTestCases.smokeTestCases@5bda80bf]" name="Smoke_Test_Verifying_newdailydetails_day1adcall_FTL" duration-ms="18644" started-at="2022-01-19T16:47:03Z" finished-at="2022-01-19T16:47:21Z">
          <reporter-output>
          </reporter-output>
        </test-method> <!-- Smoke_Test_Verifying_newdailydetails_day1adcall_FTL -->
        <test-method status="PASS" signature="Smoke_Test_amazon_aax_Daily_details_Day1_adcall()[pri:0, instance:twc.Automation.SmokeTestCases.smokeTestCases@5bda80bf]" name="Smoke_Test_amazon_aax_Daily_details_Day1_adcall" duration-ms="30" started-at="2022-01-19T16:47:21Z" finished-at="2022-01-19T16:47:21Z">
          <reporter-output>
          </reporter-output>
        </test-method> <!-- Smoke_Test_amazon_aax_Daily_details_Day1_adcall -->
        <test-method status="PASS" signature="Smoke_Test_sz_Verifying_newdailydetails_day1adcall_FTL()[pri:0, instance:twc.Automation.SmokeTestCases.smokeTestCases@5bda80bf]" name="Smoke_Test_sz_Verifying_newdailydetails_day1adcall_FTL" duration-ms="33" started-at="2022-01-19T16:47:21Z" finished-at="2022-01-19T16:47:21Z">
          <reporter-output>
          </reporter-output>
        </test-method> <!-- Smoke_Test_sz_Verifying_newdailydetails_day1adcall_FTL -->
        <test-method status="PASS" signature="Smoke_Test_Verifying_newdailydetails_day2adcall_FTL()[pri:0, instance:twc.Automation.SmokeTestCases.smokeTestCases@5bda80bf]" name="Smoke_Test_Verifying_newdailydetails_day2adcall_FTL" duration-ms="19855" started-at="2022-01-19T16:47:21Z" finished-at="2022-01-19T16:47:41Z">
          <reporter-output>
          </reporter-output>
        </test-method> <!-- Smoke_Test_Verifying_newdailydetails_day2adcall_FTL -->
        <test-method status="PASS" signature="Smoke_Test_amazon_aax_Dailydetails_Day2adcall()[pri:0, instance:twc.Automation.SmokeTestCases.smokeTestCases@5bda80bf]" name="Smoke_Test_amazon_aax_Dailydetails_Day2adcall" duration-ms="31" started-at="2022-01-19T16:47:41Z" finished-at="2022-01-19T16:47:41Z">
          <reporter-output>
          </reporter-output>
        </test-method> <!-- Smoke_Test_amazon_aax_Dailydetails_Day2adcall -->
        <test-method status="PASS" signature="Smoke_Test_sz_Verifying_newdailydetails_day2adcall_FTL()[pri:0, instance:twc.Automation.SmokeTestCases.smokeTestCases@5bda80bf]" name="Smoke_Test_sz_Verifying_newdailydetails_day2adcall_FTL" duration-ms="36" started-at="2022-01-19T16:47:41Z" finished-at="2022-01-19T16:47:41Z">
          <reporter-output>
          </reporter-output>
        </test-method> <!-- Smoke_Test_sz_Verifying_newdailydetails_day2adcall_FTL -->
        <test-method status="PASS" signature="Smoke_Test_Verifying_newdailydetails_day3adcall_FTL()[pri:0, instance:twc.Automation.SmokeTestCases.smokeTestCases@5bda80bf]" name="Smoke_Test_Verifying_newdailydetails_day3adcall_FTL" duration-ms="20135" started-at="2022-01-19T16:47:41Z" finished-at="2022-01-19T16:48:01Z">
          <reporter-output>
          </reporter-output>
        </test-method> <!-- Smoke_Test_Verifying_newdailydetails_day3adcall_FTL -->
        <test-method status="PASS" signature="Smoke_Test_amazon_aax_Dailydetails_Day3adcall()[pri:0, instance:twc.Automation.SmokeTestCases.smokeTestCases@5bda80bf]" name="Smoke_Test_amazon_aax_Dailydetails_Day3adcall" duration-ms="24" started-at="2022-01-19T16:48:01Z" finished-at="2022-01-19T16:48:01Z">
          <reporter-output>
          </reporter-output>
        </test-method> <!-- Smoke_Test_amazon_aax_Dailydetails_Day3adcall -->
        <test-method status="PASS" signature="Smoke_Test_sz_Verifying_newdailydetails_day3adcall_FTL()[pri:0, instance:twc.Automation.SmokeTestCases.smokeTestCases@5bda80bf]" name="Smoke_Test_sz_Verifying_newdailydetails_day3adcall_FTL" duration-ms="29" started-at="2022-01-19T16:48:01Z" finished-at="2022-01-19T16:48:01Z">
          <reporter-output>
          </reporter-output>
        </test-method> <!-- Smoke_Test_sz_Verifying_newdailydetails_day3adcall_FTL -->
        <test-method status="PASS" signature="Smoke_Test_Verifying_newdailydetails_day4adcall_FTL()[pri:0, instance:twc.Automation.SmokeTestCases.smokeTestCases@5bda80bf]" name="Smoke_Test_Verifying_newdailydetails_day4adcall_FTL" duration-ms="19802" started-at="2022-01-19T16:48:01Z" finished-at="2022-01-19T16:48:21Z">
          <reporter-output>
          </reporter-output>
        </test-method> <!-- Smoke_Test_Verifying_newdailydetails_day4adcall_FTL -->
        <test-method status="PASS" signature="Smoke_Test_amazon_aax_Dailydetails_Day4adcall()[pri:0, instance:twc.Automation.SmokeTestCases.smokeTestCases@5bda80bf]" name="Smoke_Test_amazon_aax_Dailydetails_Day4adcall" duration-ms="11" started-at="2022-01-19T16:48:21Z" finished-at="2022-01-19T16:48:21Z">
          <reporter-output>
          </reporter-output>
        </test-method> <!-- Smoke_Test_amazon_aax_Dailydetails_Day4adcall -->
        <test-method status="PASS" signature="Smoke_Test_sz_Verifying_newdailydetails_day4adcall_FTL()[pri:0, instance:twc.Automation.SmokeTestCases.smokeTestCases@5bda80bf]" name="Smoke_Test_sz_Verifying_newdailydetails_day4adcall_FTL" duration-ms="11" started-at="2022-01-19T16:48:21Z" finished-at="2022-01-19T16:48:21Z">
          <reporter-output>
          </reporter-output>
        </test-method> <!-- Smoke_Test_sz_Verifying_newdailydetails_day4adcall_FTL -->
        <test-method status="PASS" signature="Smoke_Test_Verifying_newdailydetails_day5adcall_FTL()[pri:0, instance:twc.Automation.SmokeTestCases.smokeTestCases@5bda80bf]" name="Smoke_Test_Verifying_newdailydetails_day5adcall_FTL" duration-ms="19861" started-at="2022-01-19T16:48:21Z" finished-at="2022-01-19T16:48:41Z">
          <reporter-output>
          </reporter-output>
        </test-method> <!-- Smoke_Test_Verifying_newdailydetails_day5adcall_FTL -->
        <test-method status="PASS" signature="Smoke_Test_amazon_aax_Dailydetails_Day5adcall()[pri:0, instance:twc.Automation.SmokeTestCases.smokeTestCases@5bda80bf]" name="Smoke_Test_amazon_aax_Dailydetails_Day5adcall" duration-ms="15" started-at="2022-01-19T16:48:41Z" finished-at="2022-01-19T16:48:41Z">
          <reporter-output>
          </reporter-output>
        </test-method> <!-- Smoke_Test_amazon_aax_Dailydetails_Day5adcall -->
        <test-method status="PASS" signature="Smoke_Test_sz_Verifying_newdailydetails_day5adcall_FTL()[pri:0, instance:twc.Automation.SmokeTestCases.smokeTestCases@5bda80bf]" name="Smoke_Test_sz_Verifying_newdailydetails_day5adcall_FTL" duration-ms="20" started-at="2022-01-19T16:48:41Z" finished-at="2022-01-19T16:48:41Z">
          <reporter-output>
          </reporter-output>
        </test-method> <!-- Smoke_Test_sz_Verifying_newdailydetails_day5adcall_FTL -->
        <test-method status="PASS" signature="Smoke_Test_Verifying_newdailydetails_day6adcall_FTL()[pri:0, instance:twc.Automation.SmokeTestCases.smokeTestCases@5bda80bf]" name="Smoke_Test_Verifying_newdailydetails_day6adcall_FTL" duration-ms="19635" started-at="2022-01-19T16:48:41Z" finished-at="2022-01-19T16:49:01Z">
          <reporter-output>
          </reporter-output>
        </test-method> <!-- Smoke_Test_Verifying_newdailydetails_day6adcall_FTL -->
        <test-method status="PASS" signature="Smoke_Test_amazon_aax_Dailydetails_Day6adcall()[pri:0, instance:twc.Automation.SmokeTestCases.smokeTestCases@5bda80bf]" name="Smoke_Test_amazon_aax_Dailydetails_Day6adcall" duration-ms="12" started-at="2022-01-19T16:49:01Z" finished-at="2022-01-19T16:49:01Z">
          <reporter-output>
          </reporter-output>
        </test-method> <!-- Smoke_Test_amazon_aax_Dailydetails_Day6adcall -->
        <test-method status="PASS" signature="Smoke_Test_sz_Verifying_newdailydetails_day6adcall_FTL()[pri:0, instance:twc.Automation.SmokeTestCases.smokeTestCases@5bda80bf]" name="Smoke_Test_sz_Verifying_newdailydetails_day6adcall_FTL" duration-ms="15" started-at="2022-01-19T16:49:01Z" finished-at="2022-01-19T16:49:01Z">
          <reporter-output>
          </reporter-output>
        </test-method> <!-- Smoke_Test_sz_Verifying_newdailydetails_day6adcall_FTL -->
        <test-method status="PASS" signature="Smoke_Test_Verifying_newdailydetails_day7adcall_FTL()[pri:0, instance:twc.Automation.SmokeTestCases.smokeTestCases@5bda80bf]" name="Smoke_Test_Verifying_newdailydetails_day7adcall_FTL" duration-ms="20094" started-at="2022-01-19T16:49:01Z" finished-at="2022-01-19T16:49:21Z">
          <reporter-output>
          </reporter-output>
        </test-method> <!-- Smoke_Test_Verifying_newdailydetails_day7adcall_FTL -->
        <test-method status="PASS" signature="Smoke_Test_amazon_aax_Dailydetails_Day7adcall()[pri:0, instance:twc.Automation.SmokeTestCases.smokeTestCases@5bda80bf]" name="Smoke_Test_amazon_aax_Dailydetails_Day7adcall" duration-ms="14" started-at="2022-01-19T16:49:21Z" finished-at="2022-01-19T16:49:21Z">
          <reporter-output>
          </reporter-output>
        </test-method> <!-- Smoke_Test_amazon_aax_Dailydetails_Day7adcall -->
        <test-method status="PASS" signature="Smoke_Test_sz_Verifying_newdailydetails_day7adcall_FTL()[pri:0, instance:twc.Automation.SmokeTestCases.smokeTestCases@5bda80bf]" name="Smoke_Test_sz_Verifying_newdailydetails_day7adcall_FTL" duration-ms="23" started-at="2022-01-19T16:49:21Z" finished-at="2022-01-19T16:49:21Z">
          <reporter-output>
          </reporter-output>
        </test-method> <!-- Smoke_Test_sz_Verifying_newdailydetails_day7adcall_FTL -->
        <test-method status="PASS" signature="Smoke_Test_Verifying_newdailydetails_day8adcall_FTL()[pri:0, instance:twc.Automation.SmokeTestCases.smokeTestCases@5bda80bf]" name="Smoke_Test_Verifying_newdailydetails_day8adcall_FTL" duration-ms="22687" started-at="2022-01-19T16:49:21Z" finished-at="2022-01-19T16:49:44Z">
          <reporter-output>
          </reporter-output>
        </test-method> <!-- Smoke_Test_Verifying_newdailydetails_day8adcall_FTL -->
        <test-method status="PASS" signature="Smoke_Test_amazon_aax_Dailydetails_Day8adcall()[pri:0, instance:twc.Automation.SmokeTestCases.smokeTestCases@5bda80bf]" name="Smoke_Test_amazon_aax_Dailydetails_Day8adcall" duration-ms="13" started-at="2022-01-19T16:49:44Z" finished-at="2022-01-19T16:49:44Z">
          <reporter-output>
          </reporter-output>
        </test-method> <!-- Smoke_Test_amazon_aax_Dailydetails_Day8adcall -->
        <test-method status="PASS" signature="Smoke_Test_sz_Verifying_newdailydetails_day8adcall_FTL()[pri:0, instance:twc.Automation.SmokeTestCases.smokeTestCases@5bda80bf]" name="Smoke_Test_sz_Verifying_newdailydetails_day8adcall_FTL" duration-ms="20" started-at="2022-01-19T16:49:44Z" finished-at="2022-01-19T16:49:44Z">
          <reporter-output>
          </reporter-output>
        </test-method> <!-- Smoke_Test_sz_Verifying_newdailydetails_day8adcall_FTL -->
        <test-method status="PASS" signature="Smoke_Test_Verifying_newdailydetails_day9adcall_FTL()[pri:0, instance:twc.Automation.SmokeTestCases.smokeTestCases@5bda80bf]" name="Smoke_Test_Verifying_newdailydetails_day9adcall_FTL" duration-ms="23040" started-at="2022-01-19T16:49:44Z" finished-at="2022-01-19T16:50:07Z">
          <reporter-output>
          </reporter-output>
        </test-method> <!-- Smoke_Test_Verifying_newdailydetails_day9adcall_FTL -->
        <test-method status="PASS" signature="Smoke_Test_amazon_aax_Dailydetails_Day9adcall()[pri:0, instance:twc.Automation.SmokeTestCases.smokeTestCases@5bda80bf]" name="Smoke_Test_amazon_aax_Dailydetails_Day9adcall" duration-ms="10" started-at="2022-01-19T16:50:07Z" finished-at="2022-01-19T16:50:07Z">
          <reporter-output>
          </reporter-output>
        </test-method> <!-- Smoke_Test_amazon_aax_Dailydetails_Day9adcall -->
        <test-method status="PASS" signature="Smoke_Test_sz_Verifying_newdailydetails_day9adcall_FTL()[pri:0, instance:twc.Automation.SmokeTestCases.smokeTestCases@5bda80bf]" name="Smoke_Test_sz_Verifying_newdailydetails_day9adcall_FTL" duration-ms="11" started-at="2022-01-19T16:50:07Z" finished-at="2022-01-19T16:50:07Z">
          <reporter-output>
          </reporter-output>
        </test-method> <!-- Smoke_Test_sz_Verifying_newdailydetails_day9adcall_FTL -->
        <test-method status="PASS" signature="Smoke_Test_Verifying_newdailydetails_day10adcall_FTL()[pri:0, instance:twc.Automation.SmokeTestCases.smokeTestCases@5bda80bf]" name="Smoke_Test_Verifying_newdailydetails_day10adcall_FTL" duration-ms="22548" started-at="2022-01-19T16:50:07Z" finished-at="2022-01-19T16:50:29Z">
          <reporter-output>
          </reporter-output>
        </test-method> <!-- Smoke_Test_Verifying_newdailydetails_day10adcall_FTL -->
        <test-method status="PASS" signature="Smoke_Test_amazon_aax_Dailydetails_Day10adcall()[pri:0, instance:twc.Automation.SmokeTestCases.smokeTestCases@5bda80bf]" name="Smoke_Test_amazon_aax_Dailydetails_Day10adcall" duration-ms="162" started-at="2022-01-19T16:50:29Z" finished-at="2022-01-19T16:50:29Z">
          <reporter-output>
          </reporter-output>
        </test-method> <!-- Smoke_Test_amazon_aax_Dailydetails_Day10adcall -->
        <test-method status="PASS" signature="Smoke_Test_sz_Verifying_newdailydetails_day10adcall_FTL()[pri:0, instance:twc.Automation.SmokeTestCases.smokeTestCases@5bda80bf]" name="Smoke_Test_sz_Verifying_newdailydetails_day10adcall_FTL" duration-ms="9" started-at="2022-01-19T16:50:29Z" finished-at="2022-01-19T16:50:29Z">
          <reporter-output>
          </reporter-output>
        </test-method> <!-- Smoke_Test_sz_Verifying_newdailydetails_day10adcall_FTL -->
        <test-method status="PASS" signature="Smoke_Test_Verifying_newdailydetails_day11adcall_FTL()[pri:0, instance:twc.Automation.SmokeTestCases.smokeTestCases@5bda80bf]" name="Smoke_Test_Verifying_newdailydetails_day11adcall_FTL" duration-ms="22705" started-at="2022-01-19T16:50:29Z" finished-at="2022-01-19T16:50:52Z">
          <reporter-output>
          </reporter-output>
        </test-method> <!-- Smoke_Test_Verifying_newdailydetails_day11adcall_FTL -->
        <test-method status="FAIL" signature="Smoke_Test_amazon_aax_Dailydetails_Day11adcall()[pri:0, instance:twc.Automation.SmokeTestCases.smokeTestCases@5bda80bf]" name="Smoke_Test_amazon_aax_Dailydetails_Day11adcall" duration-ms="6" started-at="2022-01-19T16:50:52Z" finished-at="2022-01-19T16:50:52Z">
          <exception class="java.lang.AssertionError">
            <message>
              <![CDATA[slot id: 6c5a145d-9198-48f4-adfd-08f05557eace is not present]]>
            </message>
            <full-stacktrace>
              <![CDATA[java.lang.AssertionError: slot id: 6c5a145d-9198-48f4-adfd-08f05557eace is not present
	at org.testng.Assert.fail(Assert.java:94)
	at twc.Automation.General.Utils.verifyAAX_SlotId(Utils.java:425)
	at twc.Automation.SmokeTestCases.smokeTestCases.Smoke_Test_amazon_aax_Dailydetails_Day11adcall(smokeTestCases.java:1023)
	at sun.reflect.NativeMethodAccessorImpl.invoke0(Native Method)
	at sun.reflect.NativeMethodAccessorImpl.invoke(NativeMethodAccessorImpl.java:62)
	at sun.reflect.DelegatingMethodAccessorImpl.invoke(DelegatingMethodAccessorImpl.java:43)
	at java.lang.reflect.Method.invoke(Method.java:498)
	at org.testng.internal.MethodInvocationHelper.invokeMethod(MethodInvocationHelper.java:85)
	at org.testng.internal.Invoker.invokeMethod(Invoker.java:659)
	at org.testng.internal.Invoker.invokeTestMethod(Invoker.java:845)
	at org.testng.internal.Invoker.invokeTestMethods(Invoker.java:1153)
	at org.testng.internal.TestMethodWorker.invokeTestMethods(TestMethodWorker.java:125)
	at org.testng.internal.TestMethodWorker.run(TestMethodWorker.java:108)
	at org.testng.TestRunner.privateRun(TestRunner.java:771)
	at org.testng.TestRunner.run(TestRunner.java:621)
	at org.testng.SuiteRunner.runTest(SuiteRunner.java:357)
	at org.testng.SuiteRunner.runSequentially(SuiteRunner.java:352)
	at org.testng.SuiteRunner.privateRun(SuiteRunner.java:310)
	at org.testng.SuiteRunner.run(SuiteRunner.java:259)
	at org.testng.SuiteRunnerWorker.runSuite(SuiteRunnerWorker.java:52)
	at org.testng.SuiteRunnerWorker.run(SuiteRunnerWorker.java:86)
	at org.testng.TestNG.runSuitesSequentially(TestNG.java:1199)
	at org.testng.TestNG.runSuitesLocally(TestNG.java:1124)
	at org.testng.TestNG.run(TestNG.java:1032)
	at org.apache.maven.surefire.testng.TestNGExecutor.run(TestNGExecutor.java:283)
	at org.apache.maven.surefire.testng.TestNGXmlTestSuite.execute(TestNGXmlTestSuite.java:75)
	at org.apache.maven.surefire.testng.TestNGProvider.invoke(TestNGProvider.java:120)
	at org.apache.maven.surefire.booter.ForkedBooter.invokeProviderInSameClassLoader(ForkedBooter.java:384)
	at org.apache.maven.surefire.booter.ForkedBooter.runSuitesInProcess(ForkedBooter.java:345)
	at org.apache.maven.surefire.booter.ForkedBooter.execute(ForkedBooter.java:126)
	at org.apache.maven.surefire.booter.ForkedBooter.main(ForkedBooter.java:418)
]]>
            </full-stacktrace>
          </exception> <!-- java.lang.AssertionError -->
          <reporter-output>
          </reporter-output>
        </test-method> <!-- Smoke_Test_amazon_aax_Dailydetails_Day11adcall -->
        <test-method status="PASS" signature="Smoke_Test_sz_Verifying_newdailydetails_day11adcall_FTL()[pri:0, instance:twc.Automation.SmokeTestCases.smokeTestCases@5bda80bf]" name="Smoke_Test_sz_Verifying_newdailydetails_day11adcall_FTL" duration-ms="7" started-at="2022-01-19T16:50:52Z" finished-at="2022-01-19T16:50:52Z">
          <reporter-output>
          </reporter-output>
        </test-method> <!-- Smoke_Test_sz_Verifying_newdailydetails_day11adcall_FTL -->
        <test-method status="PASS" signature="Smoke_Test_Verifying_newdailydetails_day12adcall_FTL()[pri:0, instance:twc.Automation.SmokeTestCases.smokeTestCases@5bda80bf]" name="Smoke_Test_Verifying_newdailydetails_day12adcall_FTL" duration-ms="23567" started-at="2022-01-19T16:50:52Z" finished-at="2022-01-19T16:51:16Z">
          <reporter-output>
          </reporter-output>
        </test-method> <!-- Smoke_Test_Verifying_newdailydetails_day12adcall_FTL -->
        <test-method status="PASS" signature="Smoke_Test_amazon_aax_Dailydetails_Day12adcall()[pri:0, instance:twc.Automation.SmokeTestCases.smokeTestCases@5bda80bf]" name="Smoke_Test_amazon_aax_Dailydetails_Day12adcall" duration-ms="10" started-at="2022-01-19T16:51:16Z" finished-at="2022-01-19T16:51:16Z">
          <reporter-output>
          </reporter-output>
        </test-method> <!-- Smoke_Test_amazon_aax_Dailydetails_Day12adcall -->
        <test-method status="PASS" signature="Smoke_Test_sz_Verifying_newdailydetails_day12adcall_FTL()[pri:0, instance:twc.Automation.SmokeTestCases.smokeTestCases@5bda80bf]" name="Smoke_Test_sz_Verifying_newdailydetails_day12adcall_FTL" duration-ms="15" started-at="2022-01-19T16:51:16Z" finished-at="2022-01-19T16:51:16Z">
          <reporter-output>
          </reporter-output>
        </test-method> <!-- Smoke_Test_sz_Verifying_newdailydetails_day12adcall_FTL -->
        <test-method status="PASS" signature="Smoke_Test_Verifying_newdailydetails_day13adcall_FTL()[pri:0, instance:twc.Automation.SmokeTestCases.smokeTestCases@5bda80bf]" name="Smoke_Test_Verifying_newdailydetails_day13adcall_FTL" duration-ms="22817" started-at="2022-01-19T16:51:16Z" finished-at="2022-01-19T16:51:39Z">
          <reporter-output>
          </reporter-output>
        </test-method> <!-- Smoke_Test_Verifying_newdailydetails_day13adcall_FTL -->
        <test-method status="PASS" signature="Smoke_Test_amazon_aax_Dailydetails_Day13adcall()[pri:0, instance:twc.Automation.SmokeTestCases.smokeTestCases@5bda80bf]" name="Smoke_Test_amazon_aax_Dailydetails_Day13adcall" duration-ms="9" started-at="2022-01-19T16:51:39Z" finished-at="2022-01-19T16:51:39Z">
          <reporter-output>
          </reporter-output>
        </test-method> <!-- Smoke_Test_amazon_aax_Dailydetails_Day13adcall -->
        <test-method status="PASS" signature="Smoke_Test_sz_Verifying_newdailydetails_day13adcall_FTL()[pri:0, instance:twc.Automation.SmokeTestCases.smokeTestCases@5bda80bf]" name="Smoke_Test_sz_Verifying_newdailydetails_day13adcall_FTL" duration-ms="11" started-at="2022-01-19T16:51:39Z" finished-at="2022-01-19T16:51:39Z">
          <reporter-output>
          </reporter-output>
        </test-method> <!-- Smoke_Test_sz_Verifying_newdailydetails_day13adcall_FTL -->
        <test-method status="PASS" signature="Smoke_Test_Verifying_newdailydetails_day14adcall_FTL()[pri:0, instance:twc.Automation.SmokeTestCases.smokeTestCases@5bda80bf]" name="Smoke_Test_Verifying_newdailydetails_day14adcall_FTL" duration-ms="22814" started-at="2022-01-19T16:51:39Z" finished-at="2022-01-19T16:52:01Z">
          <reporter-output>
          </reporter-output>
        </test-method> <!-- Smoke_Test_Verifying_newdailydetails_day14adcall_FTL -->
        <test-method status="PASS" signature="Smoke_Test_amazon_aax_Dailydetails_Day14adcall()[pri:0, instance:twc.Automation.SmokeTestCases.smokeTestCases@5bda80bf]" name="Smoke_Test_amazon_aax_Dailydetails_Day14adcall" duration-ms="9" started-at="2022-01-19T16:52:01Z" finished-at="2022-01-19T16:52:01Z">
          <reporter-output>
          </reporter-output>
        </test-method> <!-- Smoke_Test_amazon_aax_Dailydetails_Day14adcall -->
        <test-method status="PASS" signature="Smoke_Test_sz_Verifying_newdailydetails_day14adcall_FTL()[pri:0, instance:twc.Automation.SmokeTestCases.smokeTestCases@5bda80bf]" name="Smoke_Test_sz_Verifying_newdailydetails_day14adcall_FTL" duration-ms="10" started-at="2022-01-19T16:52:01Z" finished-at="2022-01-19T16:52:01Z">
          <reporter-output>
          </reporter-output>
        </test-method> <!-- Smoke_Test_sz_Verifying_newdailydetails_day14adcall_FTL -->
        <test-method status="PASS" signature="Smoke_Test_Verifying_newdailydetails_day15adcall_FTL()[pri:0, instance:twc.Automation.SmokeTestCases.smokeTestCases@5bda80bf]" name="Smoke_Test_Verifying_newdailydetails_day15adcall_FTL" duration-ms="23010" started-at="2022-01-19T16:52:01Z" finished-at="2022-01-19T16:52:24Z">
          <reporter-output>
          </reporter-output>
        </test-method> <!-- Smoke_Test_Verifying_newdailydetails_day15adcall_FTL -->
        <test-method status="PASS" signature="Smoke_Test_amazon_aax_Dailydetails_Day15adcall()[pri:0, instance:twc.Automation.SmokeTestCases.smokeTestCases@5bda80bf]" name="Smoke_Test_amazon_aax_Dailydetails_Day15adcall" duration-ms="11" started-at="2022-01-19T16:52:24Z" finished-at="2022-01-19T16:52:24Z">
          <reporter-output>
          </reporter-output>
        </test-method> <!-- Smoke_Test_amazon_aax_Dailydetails_Day15adcall -->
        <test-method status="PASS" signature="Smoke_Test_sz_Verifying_newdailydetails_day15adcall_FTL()[pri:0, instance:twc.Automation.SmokeTestCases.smokeTestCases@5bda80bf]" name="Smoke_Test_sz_Verifying_newdailydetails_day15adcall_FTL" duration-ms="13" started-at="2022-01-19T16:52:24Z" finished-at="2022-01-19T16:52:24Z">
          <reporter-output>
          </reporter-output>
        </test-method> <!-- Smoke_Test_sz_Verifying_newdailydetails_day15adcall_FTL -->
      </class> <!-- twc.Automation.SmokeTestCases.smokeTestCases -->
    </test> <!-- Test -->
  </suite> <!-- Suite -->
</testng-results>
