<?xml version="1.0" encoding="UTF-8"?>
<testsuite xmlns:xsi="http://www.w3.org/2001/XMLSchema-instance" xsi:noNamespaceSchemaLocation="https://maven.apache.org/surefire/maven-surefire-plugin/xsd/surefire-test-report.xsd" name="TestSuite" time="1,228.49" tests="88" errors="0" skipped="0" failures="3">
  <properties>
[...]
</properties>
  <testcase name="Smoke_Test_CaseVerify_Homescreen_marquee_adCall_FTL" classname="twc.Automation.SmokeTestCases.smokeTestCases" time="660.23"/>
  <testcase name="Verify_AlertCenterAd" classname="twc.Automation.SmokeTestCases.smokeTestCases" time="1.251"/>
  <testcase name="Smoke_Test_verifying_feed_1adcall_FTL" classname="twc.Automation.SmokeTestCases.smokeTestCases" time="0.674"/>
  <testcase name="Smoke_Test_verifying_feed_2adcall_FTL" classname="twc.Automation.SmokeTestCases.smokeTestCases" time="0.75"/>
  <testcase name="Smoke_Test_verifying_feed_3adCall_FTL" classname="twc.Automation.SmokeTestCases.smokeTestCases" time="0.521"/>
  <testcase name="Smoke_Test_verifying_feed_4adcall_FTL" classname="twc.Automation.SmokeTestCases.smokeTestCases" time="0.598"/>
  <testcase name="Smoke_Test_verifying_feed_5adCall_FTL" classname="twc.Automation.SmokeTestCases.smokeTestCases" time="0.53"/>
  <testcase name="Smoke_Test_Case_Verify_Radar_Maps_deatailspage_adCall_FTL" classname="twc.Automation.SmokeTestCases.smokeTestCases" time="0.606">
    <failure message="iu=%2F7646%2Fapp_android_us%2Fdb_display%2Fdetails%2Fmaps ad call is not present" type="java.lang.AssertionError">java.lang.AssertionError: iu=%2F7646%2Fapp_android_us%2Fdb_display%2Fdetails%2Fmaps ad call is not present
	at twc.Automation.SmokeTestCases.smokeTestCases.Smoke_Test_Case_Verify_Radar_Maps_deatailspage_adCall_FTL(smokeTestCases.java:171)
</failure>
    <system-out><![CDATA[================= verifying iu value for Radar&Maps deatail card started =========================
iu=%2F7646%2Fapp_android_us%2Fdb_display%2Fdetails%2Fmaps ad call is not present
]]></system-out>
  </testcase>
  <testcase name="Smoke_Test_CaseVerify_Today_details_page_iu_FTL" classname="twc.Automation.SmokeTestCases.smokeTestCases" time="0.54"/>
  <testcase name="Smoke_Test_Verify_Air_Quality_contentpage_adCall_FTL" classname="twc.Automation.SmokeTestCases.smokeTestCases" time="0.612"/>
  <testcase name="Smoke_Test_Verify_outdoor_detailpage_adcall_FTL" classname="twc.Automation.SmokeTestCases.smokeTestCases" time="0.784"/>
  <testcase name="Smoke_Test_amazon_aaxSlot_feed1_adCall" classname="twc.Automation.SmokeTestCases.smokeTestCases" time="0.351"/>
  <testcase name="Smoke_Test_amazon_aaxSlot_feed2_adcall" classname="twc.Automation.SmokeTestCases.smokeTestCases" time="0.398"/>
  <testcase name="Smoke_Test_amazon_aaxSlot_feed3_adcall" classname="twc.Automation.SmokeTestCases.smokeTestCases" time="0.388"/>
  <testcase name="Smoke_Test_amazon_aaxSlot_feed4_adcall" classname="twc.Automation.SmokeTestCases.smokeTestCases" time="0.437"/>
  <testcase name="Smoke_Test_amazon_aaxSlot_feed5_adcall" classname="twc.Automation.SmokeTestCases.smokeTestCases" time="0.443"/>
  <testcase name="Smoke_Test_amazon_aax_mapsdetails_adcall" classname="twc.Automation.SmokeTestCases.smokeTestCases" time="0.333"/>
  <testcase name="Smoke_Test_amazon_aax_today_deatailcard" classname="twc.Automation.SmokeTestCases.smokeTestCases" time="0.424"/>
  <testcase name="Smoke_Test_amazon_aax_Airquality_deatailcard" classname="twc.Automation.SmokeTestCases.smokeTestCases" time="0.395"/>
  <testcase name="Smoke_Test_Verify_amazon_SlotId_outdoor_details" classname="twc.Automation.SmokeTestCases.smokeTestCases" time="0.434"/>
  <testcase name="Smoke_Test_CaseVerify_sz_Homescreen_marquee_adCall_FTL" classname="twc.Automation.SmokeTestCases.smokeTestCases" time="0.514"/>
  <testcase name="Verify_sz_AlertCenterAd" classname="twc.Automation.SmokeTestCases.smokeTestCases" time="0.534"/>
  <testcase name="Smoke_Test_verifying_sz_feed_1_adcall_FTL" classname="twc.Automation.SmokeTestCases.smokeTestCases" time="0.496"/>
  <testcase name="Smoke_Test_verifying_sz_feed_2_adcall_FTL" classname="twc.Automation.SmokeTestCases.smokeTestCases" time="0.52"/>
  <testcase name="Smoke_Test_verifying_sz_feed_3_adcall_FTL" classname="twc.Automation.SmokeTestCases.smokeTestCases" time="0.479"/>
  <testcase name="Smoke_Test_verifying_sz_feed_4_adcall_FTL" classname="twc.Automation.SmokeTestCases.smokeTestCases" time="0.499"/>
  <testcase name="Smoke_Test_verifying_sz_feed_5_adcall_FTL" classname="twc.Automation.SmokeTestCases.smokeTestCases" time="0.528"/>
  <testcase name="Smoke_Test_Case_Verify_sz_Radar_Maps_deatailspage_adCall_FTL" classname="twc.Automation.SmokeTestCases.smokeTestCases" time="1.12">
    <failure message="Ad Call :iu=%2F7646%2Fapp_android_us%2Fdb_display%2Fdetails%2Fmaps not found in charles session, hence Custom Parameter: sz validation skipped" type="java.lang.AssertionError">java.lang.AssertionError: Ad Call :iu=%2F7646%2Fapp_android_us%2Fdb_display%2Fdetails%2Fmaps not found in charles session, hence Custom Parameter: sz validation skipped
	at twc.Automation.SmokeTestCases.smokeTestCases.Smoke_Test_Case_Verify_sz_Radar_Maps_deatailspage_adCall_FTL(smokeTestCases.java:390)
</failure>
    <system-out><![CDATA[================= verifying sz  value for Radar&Maps deatail card started =========================
Ad Call :iu=%2F7646%2Fapp_android_us%2Fdb_display%2Fdetails%2Fmaps not found in charles session, hence Custom Parameter: sz validation skipped
]]></system-out>
  </testcase>
  <testcase name="Smoke_Test_Case_Verify_sz_Today_details_page_iu_FTL" classname="twc.Automation.SmokeTestCases.smokeTestCases" time="0.613"/>
  <testcase name="Smoke_Test_Verify_sz_AirQuality_contentpage_adCall_FTL" classname="twc.Automation.SmokeTestCases.smokeTestCases" time="0.575"/>
  <testcase name="Smoke_Test_Verify_sz_outdoor_detailpage_adcall_FTL" classname="twc.Automation.SmokeTestCases.smokeTestCases" time="0.513"/>
  <testcase name="Smoke_Test_Verify_hourly_detailpage_adcall_FTL" classname="twc.Automation.SmokeTestCases.smokeTestCases" time="22.858"/>
  <testcase name="Smoke_Test_Verify_hourly1_detailpage_bigad_adcall_FTL" classname="twc.Automation.SmokeTestCases.smokeTestCases" time="0.066"/>
  <testcase name="Smoke_Test_Verify_hourly2_detailpage_bigad_adcall_FTL" classname="twc.Automation.SmokeTestCases.smokeTestCases" time="0.07"/>
  <testcase name="Smoke_Test_Verify_hourly3__bigad_detailpage_adcall_FTL" classname="twc.Automation.SmokeTestCases.smokeTestCases" time="0.062"/>
  <testcase name="Smoke_Test_Verify_sz_hourly_detailpage_adcall_FTL" classname="twc.Automation.SmokeTestCases.smokeTestCases" time="0.137"/>
  <testcase name="Smoke_Test_Verify_sz_hourly1_detailpage_bigad_adcall_FTL" classname="twc.Automation.SmokeTestCases.smokeTestCases" time="0.062"/>
  <testcase name="Smoke_Test_Verify_sz_hourly2_detailpage_bigad_adcall_FTL" classname="twc.Automation.SmokeTestCases.smokeTestCases" time="0.065"/>
  <testcase name="Smoke_Test_Verify_sz_hourly3__bigad_detailpage_adcall_FTL" classname="twc.Automation.SmokeTestCases.smokeTestCases" time="0.062"/>
  <testcase name="Smoke_Test_amazon_aax_Hourly_details_adcall" classname="twc.Automation.SmokeTestCases.smokeTestCases" time="0.047"/>
  <testcase name="Smoke_Test_amazon_aax_Hourly1_bigaddetails_adcall" classname="twc.Automation.SmokeTestCases.smokeTestCases" time="0.048"/>
  <testcase name="Smoke_Test_amazon_aax_Hourly2_bigaddetails_adcall" classname="twc.Automation.SmokeTestCases.smokeTestCases" time="0.042"/>
  <testcase name="Smoke_Test_amazon_aax_Hourly3_bigaddetails_adcall" classname="twc.Automation.SmokeTestCases.smokeTestCases" time="0.047"/>
  <testcase name="Smoke_Test_Verifying_newdailydetails_day1adcall_FTL" classname="twc.Automation.SmokeTestCases.smokeTestCases" time="18.644"/>
  <testcase name="Smoke_Test_amazon_aax_Daily_details_Day1_adcall" classname="twc.Automation.SmokeTestCases.smokeTestCases" time="0.031"/>
  <testcase name="Smoke_Test_sz_Verifying_newdailydetails_day1adcall_FTL" classname="twc.Automation.SmokeTestCases.smokeTestCases" time="0.034"/>
  <testcase name="Smoke_Test_Verifying_newdailydetails_day2adcall_FTL" classname="twc.Automation.SmokeTestCases.smokeTestCases" time="19.855"/>
  <testcase name="Smoke_Test_amazon_aax_Dailydetails_Day2adcall" classname="twc.Automation.SmokeTestCases.smokeTestCases" time="0.032"/>
  <testcase name="Smoke_Test_sz_Verifying_newdailydetails_day2adcall_FTL" classname="twc.Automation.SmokeTestCases.smokeTestCases" time="0.037"/>
  <testcase name="Smoke_Test_Verifying_newdailydetails_day3adcall_FTL" classname="twc.Automation.SmokeTestCases.smokeTestCases" time="20.135"/>
  <testcase name="Smoke_Test_amazon_aax_Dailydetails_Day3adcall" classname="twc.Automation.SmokeTestCases.smokeTestCases" time="0.024"/>
  <testcase name="Smoke_Test_sz_Verifying_newdailydetails_day3adcall_FTL" classname="twc.Automation.SmokeTestCases.smokeTestCases" time="0.029"/>
  <testcase name="Smoke_Test_Verifying_newdailydetails_day4adcall_FTL" classname="twc.Automation.SmokeTestCases.smokeTestCases" time="19.803"/>
  <testcase name="Smoke_Test_amazon_aax_Dailydetails_Day4adcall" classname="twc.Automation.SmokeTestCases.smokeTestCases" time="0.011"/>
  <testcase name="Smoke_Test_sz_Verifying_newdailydetails_day4adcall_FTL" classname="twc.Automation.SmokeTestCases.smokeTestCases" time="0.011"/>
  <testcase name="Smoke_Test_Verifying_newdailydetails_day5adcall_FTL" classname="twc.Automation.SmokeTestCases.smokeTestCases" time="19.862"/>
  <testcase name="Smoke_Test_amazon_aax_Dailydetails_Day5adcall" classname="twc.Automation.SmokeTestCases.smokeTestCases" time="0.016"/>
  <testcase name="Smoke_Test_sz_Verifying_newdailydetails_day5adcall_FTL" classname="twc.Automation.SmokeTestCases.smokeTestCases" time="0.021"/>
  <testcase name="Smoke_Test_Verifying_newdailydetails_day6adcall_FTL" classname="twc.Automation.SmokeTestCases.smokeTestCases" time="19.634"/>
  <testcase name="Smoke_Test_amazon_aax_Dailydetails_Day6adcall" classname="twc.Automation.SmokeTestCases.smokeTestCases" time="0.012"/>
  <testcase name="Smoke_Test_sz_Verifying_newdailydetails_day6adcall_FTL" classname="twc.Automation.SmokeTestCases.smokeTestCases" time="0.014"/>
  <testcase name="Smoke_Test_Verifying_newdailydetails_day7adcall_FTL" classname="twc.Automation.SmokeTestCases.smokeTestCases" time="20.094"/>
  <testcase name="Smoke_Test_amazon_aax_Dailydetails_Day7adcall" classname="twc.Automation.SmokeTestCases.smokeTestCases" time="0.015"/>
  <testcase name="Smoke_Test_sz_Verifying_newdailydetails_day7adcall_FTL" classname="twc.Automation.SmokeTestCases.smokeTestCases" time="0.024"/>
  <testcase name="Smoke_Test_Verifying_newdailydetails_day8adcall_FTL" classname="twc.Automation.SmokeTestCases.smokeTestCases" time="22.687"/>
  <testcase name="Smoke_Test_amazon_aax_Dailydetails_Day8adcall" classname="twc.Automation.SmokeTestCases.smokeTestCases" time="0.014"/>
  <testcase name="Smoke_Test_sz_Verifying_newdailydetails_day8adcall_FTL" classname="twc.Automation.SmokeTestCases.smokeTestCases" time="0.02"/>
  <testcase name="Smoke_Test_Verifying_newdailydetails_day9adcall_FTL" classname="twc.Automation.SmokeTestCases.smokeTestCases" time="23.04"/>
  <testcase name="Smoke_Test_amazon_aax_Dailydetails_Day9adcall" classname="twc.Automation.SmokeTestCases.smokeTestCases" time="0.009"/>
  <testcase name="Smoke_Test_sz_Verifying_newdailydetails_day9adcall_FTL" classname="twc.Automation.SmokeTestCases.smokeTestCases" time="0.01"/>
  <testcase name="Smoke_Test_Verifying_newdailydetails_day10adcall_FTL" classname="twc.Automation.SmokeTestCases.smokeTestCases" time="22.549"/>
  <testcase name="Smoke_Test_amazon_aax_Dailydetails_Day10adcall" classname="twc.Automation.SmokeTestCases.smokeTestCases" time="0.162"/>
  <testcase name="Smoke_Test_sz_Verifying_newdailydetails_day10adcall_FTL" classname="twc.Automation.SmokeTestCases.smokeTestCases" time="0.009"/>
  <testcase name="Smoke_Test_Verifying_newdailydetails_day11adcall_FTL" classname="twc.Automation.SmokeTestCases.smokeTestCases" time="22.705"/>
  <testcase name="Smoke_Test_amazon_aax_Dailydetails_Day11adcall" classname="twc.Automation.SmokeTestCases.smokeTestCases" time="0.007">
    <failure message="slot id: 6c5a145d-9198-48f4-adfd-08f05557eace is not present" type="java.lang.AssertionError">java.lang.AssertionError: slot id: 6c5a145d-9198-48f4-adfd-08f05557eace is not present
	at twc.Automation.SmokeTestCases.smokeTestCases.Smoke_Test_amazon_aax_Dailydetails_Day11adcall(smokeTestCases.java:1023)
</failure>
    <system-out><![CDATA[================= Verifying amazon slot id for  daily details day11  adcall test case Started =========================
slot id: 6c5a145d-9198-48f4-adfd-08f05557eace is not present
]]></system-out>
  </testcase>
  <testcase name="Smoke_Test_sz_Verifying_newdailydetails_day11adcall_FTL" classname="twc.Automation.SmokeTestCases.smokeTestCases" time="0.008"/>
  <testcase name="Smoke_Test_Verifying_newdailydetails_day12adcall_FTL" classname="twc.Automation.SmokeTestCases.smokeTestCases" time="23.567"/>
  <testcase name="Smoke_Test_amazon_aax_Dailydetails_Day12adcall" classname="twc.Automation.SmokeTestCases.smokeTestCases" time="0.011"/>
  <testcase name="Smoke_Test_sz_Verifying_newdailydetails_day12adcall_FTL" classname="twc.Automation.SmokeTestCases.smokeTestCases" time="0.016"/>
  <testcase name="Smoke_Test_Verifying_newdailydetails_day13adcall_FTL" classname="twc.Automation.SmokeTestCases.smokeTestCases" time="22.817"/>
  <testcase name="Smoke_Test_amazon_aax_Dailydetails_Day13adcall" classname="twc.Automation.SmokeTestCases.smokeTestCases" time="0.009"/>
  <testcase name="Smoke_Test_sz_Verifying_newdailydetails_day13adcall_FTL" classname="twc.Automation.SmokeTestCases.smokeTestCases" time="0.012"/>
  <testcase name="Smoke_Test_Verifying_newdailydetails_day14adcall_FTL" classname="twc.Automation.SmokeTestCases.smokeTestCases" time="22.814"/>
  <testcase name="Smoke_Test_amazon_aax_Dailydetails_Day14adcall" classname="twc.Automation.SmokeTestCases.smokeTestCases" time="0.009"/>
  <testcase name="Smoke_Test_sz_Verifying_newdailydetails_day14adcall_FTL" classname="twc.Automation.SmokeTestCases.smokeTestCases" time="0.011"/>
  <testcase name="Smoke_Test_Verifying_newdailydetails_day15adcall_FTL" classname="twc.Automation.SmokeTestCases.smokeTestCases" time="23.01"/>
  <testcase name="Smoke_Test_amazon_aax_Dailydetails_Day15adcall" classname="twc.Automation.SmokeTestCases.smokeTestCases" time="0.011"/>
  <testcase name="Smoke_Test_sz_Verifying_newdailydetails_day15adcall_FTL" classname="twc.Automation.SmokeTestCases.smokeTestCases" time="0.013"/>
</testsuite>